-------------------------------------------------------------------------------
Test set: TestSuite
-------------------------------------------------------------------------------
Tests run: 15, Failures: 1, Errors: 0, Skipped: 0, Time elapsed: 37.001 s <<< FAILURE! - in TestSuite
addUser(tests.BankScenarios)  Time elapsed: 9.927 s  <<< FAILURE!
java.lang.AssertionError: expected [true] but found [false]
	at tests.BankScenarios.addUser(BankScenarios.java:224)

