<?xml version="1.0" encoding="UTF-8"?>
<testsuite xmlns:xsi="http://www.w3.org/2001/XMLSchema-instance" xsi:noNamespaceSchemaLocation="https://maven.apache.org/surefire/maven-surefire-plugin/xsd/surefire-test-report-3.0.xsd" version="3.0" name="TestSuite" time="37.001" tests="15" errors="0" skipped="0" failures="1">
  <properties>
[...]
</properties>
  <testcase name="addCustomer" classname="tests.BankScenarios" time="2.995"/>
  <testcase name="addCustomer" classname="tests.BankScenarios" time="0.839"/>
  <testcase name="addCustomer" classname="tests.BankScenarios" time="0.866"/>
  <testcase name="addCustomer" classname="tests.BankScenarios" time="0.902"/>
  <testcase name="addCustomer" classname="tests.BankScenarios" time="0.861"/>
  <testcase name="addCustomer" classname="tests.BankScenarios" time="0.912"/>
  <testcase name="addCustomer" classname="tests.BankScenarios" time="6.113"/>
  <testcase name="addUser" classname="tests.BankScenarios" time="9.927">
    <failure message="expected [true] but found [false]" type="java.lang.AssertionError">java.lang.AssertionError: expected [true] but found [false]
	at tests.BankScenarios.addUser(BankScenarios.java:224)
</failure>
    <system-out><![CDATA[Body:
{
    "firstName": "John",
    "lastName": "James",
    "password": "12345",
    "userStatus": 1,
    "phone": "12345",
    "id": 10,
    "email": "john@email.com",
    "username": "Test_User"
}
]]></system-out>
  </testcase>
  <testcase name="performTransaction" classname="tests.BankScenarios" time="2.093"/>
  <testcase name="performTransaction" classname="tests.BankScenarios" time="1.251"/>
  <testcase name="performTransaction" classname="tests.BankScenarios" time="0.895"/>
  <testcase name="performTransaction" classname="tests.BankScenarios" time="0.913"/>
  <testcase name="performTransaction" classname="tests.BankScenarios" time="0.839"/>
  <testcase name="performTransaction" classname="tests.BankScenarios" time="0.888"/>
  <testcase name="performTransaction" classname="tests.BankScenarios" time="0.848"/>
</testsuite>